<?xml version="1.0" encoding="UTF-8"?>
<!-- Generated by org.testng.reporters.JUnitReportReporter -->
<testsuite hostname="DESKTOP-1FKFP5A" failures="0" tests="2" name="testngpractice.firsttest" time="0.012" errors="0" timestamp="26 Apr 2020 15:22:34 GMT" skipped="0">
  <testcase classname="testngpractice.firsttest" name="t1" time="0.011"/>
  <testcase classname="testngpractice.firsttest" name="t2" time="0.001"/>
</testsuite> <!-- testngpractice.firsttest -->
