<?xml version="1.0" encoding="UTF-8"?>
<!-- Generated by org.testng.reporters.JUnitReportReporter -->
<testsuite hostname="DESKTOP-1FKFP5A" failures="0" tests="5" name="com.createaccount.NewAccountCreation" time="16.029" errors="0" timestamp="02 May 2020 10:38:03 GMT" skipped="0">
  <testcase classname="com.createaccount.NewAccountCreation" name="tc_01" time="0.849"/>
  <testcase classname="com.createaccount.NewAccountCreation" name="tc_02" time="0.366"/>
  <testcase classname="com.createaccount.NewAccountCreation" name="tc_03" time="0.002"/>
  <testcase classname="com.createaccount.NewAccountCreation" name="tc_04" time="0.396"/>
  <testcase classname="com.createaccount.NewAccountCreation" name="tc_05" time="14.416"/>
</testsuite> <!-- com.createaccount.NewAccountCreation -->
