<?xml version="1.0" encoding="UTF-8"?>
<!-- Generated by org.testng.reporters.JUnitReportReporter -->
<testsuite hostname="DESKTOP-1FKFP5A" failures="0" tests="1" name="com.createaccount.Bookbus" time="0.498" errors="0" timestamp="01 May 2020 07:54:03 GMT" skipped="0">
  <testcase classname="com.createaccount.Bookbus" name="bookBus" time="0.498"/>
</testsuite> <!-- com.createaccount.Bookbus -->
