<?xml version="1.0" encoding="UTF-8"?>
<!-- Generated by org.testng.reporters.JUnitReportReporter -->
<testsuite hostname="DESKTOP-1FKFP5A" failures="0" tests="6" name="com.createaccount.Practicedifferentfunctions" time="29.604" errors="0" timestamp="02 May 2020 10:57:52 GMT" skipped="0">
  <testcase classname="com.createaccount.Practicedifferentfunctions" name="selectDate" time="2.087"/>
  <testcase classname="com.createaccount.Practicedifferentfunctions" name="performSpinner" time="6.488"/>
  <testcase classname="com.createaccount.Practicedifferentfunctions" name="mouseDrag" time="10.389"/>
  <testcase classname="com.createaccount.Practicedifferentfunctions" name="mouseDragAndDrop" time="7.224"/>
  <testcase classname="com.createaccount.Practicedifferentfunctions" name="verifyTooltip" time="1.447"/>
  <testcase classname="com.createaccount.Practicedifferentfunctions" name="reSizeAble" time="1.969"/>
</testsuite> <!-- com.createaccount.Practicedifferentfunctions -->
