<?xml version="1.0" encoding="UTF-8"?>
<!-- Generated by org.testng.reporters.JUnitReportReporter -->
<testsuite hostname="DESKTOP-ET3V8KL" failures="0" tests="1" name="com.handlingtable.HandlingDynamicTable" time="25.030" errors="0" timestamp="10 Oct 2020 06:41:37 GMT" skipped="0">
  <testcase classname="com.handlingtable.HandlingDynamicTable" name="handlingTable" time="25.030"/>
</testsuite> <!-- com.handlingtable.HandlingDynamicTable -->
