<?xml version="1.0" encoding="UTF-8"?>
<!-- Generated by org.testng.reporters.JUnitReportReporter -->
<testsuite hostname="DESKTOP-1FKFP5A" failures="0" tests="2" name="com.shopping.Testtitle" time="6.211" errors="0" timestamp="30 Apr 2020 12:38:43 GMT" skipped="0">
  <testcase classname="com.shopping.Testtitle" name="register" time="2.933"/>
  <testcase classname="com.shopping.Testtitle" name="support" time="3.278"/>
</testsuite> <!-- com.shopping.Testtitle -->
