<?xml version="1.0" encoding="UTF-8"?>
<!-- Generated by org.testng.reporters.JUnitReportReporter -->
<testsuite hostname="DESKTOP-1FKFP5A" failures="0" tests="2" name="com.shopping.Shopping" time="7.526" errors="0" timestamp="30 Apr 2020 12:36:10 GMT" skipped="0">
  <testcase classname="com.shopping.Shopping" name="register" time="3.863"/>
  <testcase classname="com.shopping.Shopping" name="support" time="3.663"/>
</testsuite> <!-- com.shopping.Shopping -->
